c:\users\runzelu\desktop\8-25\debug\vc142.pdb
c:\users\runzelu\desktop\8-25\debug\vc142.idb
c:\users\runzelu\desktop\8-25\debug\8-25.obj
c:\users\runzelu\desktop\8-25\debug\8-25.ilk
c:\users\runzelu\desktop\8-25\debug\8-25.exe
c:\users\runzelu\desktop\8-25\debug\8-25.pdb
c:\users\runzelu\desktop\8-25\debug\8-26-10.pdb
c:\users\runzelu\desktop\8-25\debug\8-26-2.pdb
c:\users\runzelu\desktop\8-25\debug\8-26-3.pdb
c:\users\runzelu\desktop\8-25\debug\8-26-4.pdb
c:\users\runzelu\desktop\8-25\debug\8-26-5.pdb
c:\users\runzelu\desktop\8-25\debug\8-26-6.pdb
c:\users\runzelu\desktop\8-25\debug\8-26-7.pdb
c:\users\runzelu\desktop\8-25\debug\8-26-8.pdb
c:\users\runzelu\desktop\8-25\debug\8-26-9.pdb
c:\users\runzelu\desktop\8-25\debug\8-26.pdb
c:\users\runzelu\desktop\8-25\debug\8-25.tlog\cl.command.1.tlog
c:\users\runzelu\desktop\8-25\debug\8-25.tlog\cl.read.1.tlog
c:\users\runzelu\desktop\8-25\debug\8-25.tlog\cl.write.1.tlog
c:\users\runzelu\desktop\8-25\debug\8-25.tlog\link.command.1.tlog
c:\users\runzelu\desktop\8-25\debug\8-25.tlog\link.read.1.tlog
c:\users\runzelu\desktop\8-25\debug\8-25.tlog\link.write.1.tlog
